<?xml version="1.0" encoding="UTF-8"?>
<testsuite xmlns:xsi="http://www.w3.org/2001/XMLSchema-instance" xsi:noNamespaceSchemaLocation="https://maven.apache.org/surefire/maven-surefire-plugin/xsd/surefire-test-report.xsd" version="3.0.1" name="com.mycompany.app.UserApiTest" time="3.623" tests="11" errors="0" skipped="0" failures="0">
  <properties>
    <property name="java.specification.version" value="21"/>
    <property name="sun.jnu.encoding" value="UTF-8"/>
    <property name="java.class.path" value="/home/jonathan/Documents/uniYear3/finalYearProj/jero/jero-testing/restAssuredTests/my-app/target/test-classes:/home/jonathan/Documents/uniYear3/finalYearProj/jero/jero-testing/restAssuredTests/my-app/target/classes:/home/jonathan/.m2/repository/org/junit/jupiter/junit-jupiter-api/5.11.0/junit-jupiter-api-5.11.0.jar:/home/jonathan/.m2/repository/org/opentest4j/opentest4j/1.3.0/opentest4j-1.3.0.jar:/home/jonathan/.m2/repository/org/junit/platform/junit-platform-commons/1.11.0/junit-platform-commons-1.11.0.jar:/home/jonathan/.m2/repository/org/apiguardian/apiguardian-api/1.1.2/apiguardian-api-1.1.2.jar:/home/jonathan/.m2/repository/org/junit/jupiter/junit-jupiter-engine/5.11.0/junit-jupiter-engine-5.11.0.jar:/home/jonathan/.m2/repository/org/junit/platform/junit-platform-engine/1.11.0/junit-platform-engine-1.11.0.jar:/home/jonathan/.m2/repository/org/junit/jupiter/junit-jupiter-params/5.11.0/junit-jupiter-params-5.11.0.jar:/home/jonathan/.m2/repository/io/rest-assured/rest-assured/4.5.1/rest-assured-4.5.1.jar:/home/jonathan/.m2/repository/org/codehaus/groovy/groovy/3.0.9/groovy-3.0.9.jar:/home/jonathan/.m2/repository/org/codehaus/groovy/groovy-xml/3.0.9/groovy-xml-3.0.9.jar:/home/jonathan/.m2/repository/org/apache/httpcomponents/httpclient/4.5.13/httpclient-4.5.13.jar:/home/jonathan/.m2/repository/org/apache/httpcomponents/httpcore/4.4.13/httpcore-4.4.13.jar:/home/jonathan/.m2/repository/commons-logging/commons-logging/1.2/commons-logging-1.2.jar:/home/jonathan/.m2/repository/commons-codec/commons-codec/1.11/commons-codec-1.11.jar:/home/jonathan/.m2/repository/org/apache/httpcomponents/httpmime/4.5.13/httpmime-4.5.13.jar:/home/jonathan/.m2/repository/org/hamcrest/hamcrest/2.1/hamcrest-2.1.jar:/home/jonathan/.m2/repository/org/ccil/cowan/tagsoup/tagsoup/1.2.1/tagsoup-1.2.1.jar:/home/jonathan/.m2/repository/io/rest-assured/json-path/4.5.1/json-path-4.5.1.jar:/home/jonathan/.m2/repository/org/codehaus/groovy/groovy-json/3.0.9/groovy-json-3.0.9.jar:/home/jonathan/.m2/repository/io/rest-assured/rest-assured-common/4.5.1/rest-assured-common-4.5.1.jar:/home/jonathan/.m2/repository/io/rest-assured/xml-path/4.5.1/xml-path-4.5.1.jar:/home/jonathan/.m2/repository/org/apache/commons/commons-lang3/3.11/commons-lang3-3.11.jar:"/>
    <property name="java.vm.vendor" value="Ubuntu"/>
    <property name="sun.arch.data.model" value="64"/>
    <property name="java.vendor.url" value="https://ubuntu.com/"/>
    <property name="user.timezone" value="Europe/London"/>
    <property name="os.name" value="Linux"/>
    <property name="java.vm.specification.version" value="21"/>
    <property name="sun.java.launcher" value="SUN_STANDARD"/>
    <property name="user.country" value="US"/>
    <property name="sun.boot.library.path" value="/usr/lib/jvm/java-21-openjdk-amd64/lib"/>
    <property name="sun.java.command" value="/home/jonathan/Documents/uniYear3/finalYearProj/jero/jero-testing/restAssuredTests/my-app/target/surefire/surefirebooter-20250223145524418_3.jar /home/jonathan/Documents/uniYear3/finalYearProj/jero/jero-testing/restAssuredTests/my-app/target/surefire 2025-02-23T14-55-24_289-jvmRun1 surefire-20250223145524418_1tmp surefire_0-20250223145524418_2tmp"/>
    <property name="jdk.debug" value="release"/>
    <property name="surefire.test.class.path" value="/home/jonathan/Documents/uniYear3/finalYearProj/jero/jero-testing/restAssuredTests/my-app/target/test-classes:/home/jonathan/Documents/uniYear3/finalYearProj/jero/jero-testing/restAssuredTests/my-app/target/classes:/home/jonathan/.m2/repository/org/junit/jupiter/junit-jupiter-api/5.11.0/junit-jupiter-api-5.11.0.jar:/home/jonathan/.m2/repository/org/opentest4j/opentest4j/1.3.0/opentest4j-1.3.0.jar:/home/jonathan/.m2/repository/org/junit/platform/junit-platform-commons/1.11.0/junit-platform-commons-1.11.0.jar:/home/jonathan/.m2/repository/org/apiguardian/apiguardian-api/1.1.2/apiguardian-api-1.1.2.jar:/home/jonathan/.m2/repository/org/junit/jupiter/junit-jupiter-engine/5.11.0/junit-jupiter-engine-5.11.0.jar:/home/jonathan/.m2/repository/org/junit/platform/junit-platform-engine/1.11.0/junit-platform-engine-1.11.0.jar:/home/jonathan/.m2/repository/org/junit/jupiter/junit-jupiter-params/5.11.0/junit-jupiter-params-5.11.0.jar:/home/jonathan/.m2/repository/io/rest-assured/rest-assured/4.5.1/rest-assured-4.5.1.jar:/home/jonathan/.m2/repository/org/codehaus/groovy/groovy/3.0.9/groovy-3.0.9.jar:/home/jonathan/.m2/repository/org/codehaus/groovy/groovy-xml/3.0.9/groovy-xml-3.0.9.jar:/home/jonathan/.m2/repository/org/apache/httpcomponents/httpclient/4.5.13/httpclient-4.5.13.jar:/home/jonathan/.m2/repository/org/apache/httpcomponents/httpcore/4.4.13/httpcore-4.4.13.jar:/home/jonathan/.m2/repository/commons-logging/commons-logging/1.2/commons-logging-1.2.jar:/home/jonathan/.m2/repository/commons-codec/commons-codec/1.11/commons-codec-1.11.jar:/home/jonathan/.m2/repository/org/apache/httpcomponents/httpmime/4.5.13/httpmime-4.5.13.jar:/home/jonathan/.m2/repository/org/hamcrest/hamcrest/2.1/hamcrest-2.1.jar:/home/jonathan/.m2/repository/org/ccil/cowan/tagsoup/tagsoup/1.2.1/tagsoup-1.2.1.jar:/home/jonathan/.m2/repository/io/rest-assured/json-path/4.5.1/json-path-4.5.1.jar:/home/jonathan/.m2/repository/org/codehaus/groovy/groovy-json/3.0.9/groovy-json-3.0.9.jar:/home/jonathan/.m2/repository/io/rest-assured/rest-assured-common/4.5.1/rest-assured-common-4.5.1.jar:/home/jonathan/.m2/repository/io/rest-assured/xml-path/4.5.1/xml-path-4.5.1.jar:/home/jonathan/.m2/repository/org/apache/commons/commons-lang3/3.11/commons-lang3-3.11.jar:"/>
    <property name="sun.cpu.endian" value="little"/>
    <property name="user.home" value="/home/jonathan"/>
    <property name="user.language" value="en"/>
    <property name="java.specification.vendor" value="Oracle Corporation"/>
    <property name="java.version.date" value="2025-01-21"/>
    <property name="java.home" value="/usr/lib/jvm/java-21-openjdk-amd64"/>
    <property name="file.separator" value="/"/>
    <property name="basedir" value="/home/jonathan/Documents/uniYear3/finalYearProj/jero/jero-testing/restAssuredTests/my-app"/>
    <property name="java.vm.compressedOopsMode" value="Zero based"/>
    <property name="line.separator" value="&#10;"/>
    <property name="java.specification.name" value="Java Platform API Specification"/>
    <property name="java.vm.specification.vendor" value="Oracle Corporation"/>
    <property name="surefire.real.class.path" value="/home/jonathan/Documents/uniYear3/finalYearProj/jero/jero-testing/restAssuredTests/my-app/target/surefire/surefirebooter-20250223145524418_3.jar"/>
    <property name="sun.management.compiler" value="HotSpot 64-Bit Tiered Compilers"/>
    <property name="java.runtime.version" value="21.0.6+7-Ubuntu-124.04.1"/>
    <property name="user.name" value="jonathan"/>
    <property name="stdout.encoding" value="UTF-8"/>
    <property name="path.separator" value=":"/>
    <property name="os.version" value="6.8.0-52-generic"/>
    <property name="java.runtime.name" value="OpenJDK Runtime Environment"/>
    <property name="file.encoding" value="UTF-8"/>
    <property name="java.vm.name" value="OpenJDK 64-Bit Server VM"/>
    <property name="localRepository" value="/home/jonathan/.m2/repository"/>
    <property name="java.vendor.url.bug" value="https://bugs.launchpad.net/ubuntu/+source/openjdk-21"/>
    <property name="java.io.tmpdir" value="/tmp"/>
    <property name="java.version" value="21.0.6"/>
    <property name="user.dir" value="/home/jonathan/Documents/uniYear3/finalYearProj/jero/jero-testing/restAssuredTests/my-app"/>
    <property name="os.arch" value="amd64"/>
    <property name="java.vm.specification.name" value="Java Virtual Machine Specification"/>
    <property name="native.encoding" value="UTF-8"/>
    <property name="java.library.path" value="/usr/java/packages/lib:/usr/lib/x86_64-linux-gnu/jni:/lib/x86_64-linux-gnu:/usr/lib/x86_64-linux-gnu:/usr/lib/jni:/lib:/usr/lib"/>
    <property name="java.vm.info" value="mixed mode, sharing"/>
    <property name="stderr.encoding" value="UTF-8"/>
    <property name="java.vendor" value="Ubuntu"/>
    <property name="java.vm.version" value="21.0.6+7-Ubuntu-124.04.1"/>
    <property name="sun.io.unicode.encoding" value="UnicodeLittle"/>
    <property name="java.class.version" value="65.0"/>
  </properties>
  <testcase name="assertSuccessSignupThenDelete" classname="com.mycompany.app.UserApiTest" time="0.054"/>
  <testcase name="assertPasswordMismatch" classname="com.mycompany.app.UserApiTest" time="2.169"/>
  <testcase name="assertPasswordTooShort" classname="com.mycompany.app.UserApiTest" time="0.111"/>
  <testcase name="assertPasswordMismatchAndEmailMismatch" classname="com.mycompany.app.UserApiTest" time="0.102"/>
  <testcase name="assertValidLogin" classname="com.mycompany.app.UserApiTest" time="0.457"/>
  <testcase name="assertPasswordNoSpecial" classname="com.mycompany.app.UserApiTest" time="0.155"/>
  <testcase name="assertInvalidAccount" classname="com.mycompany.app.UserApiTest" time="0.103"/>
  <testcase name="assertValidEmailInvalidPassword" classname="com.mycompany.app.UserApiTest" time="0.171"/>
  <testcase name="assertEmailInUse" classname="com.mycompany.app.UserApiTest" time="0.133"/>
  <testcase name="assertEmailMismatch" classname="com.mycompany.app.UserApiTest" time="0.067"/>
  <testcase name="assertInvalidEmail" classname="com.mycompany.app.UserApiTest" time="0.042"/>
</testsuite>